<?xml version="1.0" encoding="UTF-8"?>
<testng-results skipped="0" failed="0" ignored="0" total="1" passed="1">
  <reporter-output>
  </reporter-output>
  <suite name="BDD Test Suite" duration-ms="53138" started-at="2018-08-26T23:20:04Z" finished-at="2018-08-26T23:20:57Z">
    <groups>
      <group name="cucumber">
        <method signature="TestRunner.feature(cucumber.api.testng.CucumberFeatureWrapper)[pri:0, instance:TestRunner@69b0fd6f]" name="feature" class="TestRunner"/>
      </group> <!-- cucumber -->
    </groups>
    <test name="Login and Update Profile Test" duration-ms="53138" started-at="2018-08-26T23:20:04Z" finished-at="2018-08-26T23:20:57Z">
      <class name="TestRunner">
        <test-method status="PASS" signature="setUpClass()[pri:0, instance:TestRunner@69b0fd6f]" name="setUpClass" is-config="true" duration-ms="338" started-at="2018-08-26T23:20:04Z" finished-at="2018-08-26T23:20:04Z">
          <reporter-output>
          </reporter-output>
        </test-method> <!-- setUpClass -->
        <test-method status="PASS" signature="feature(cucumber.api.testng.CucumberFeatureWrapper)[pri:0, instance:TestRunner@69b0fd6f]" name="feature" duration-ms="52696" started-at="2018-08-26T23:20:04Z" description="Runs Cucumber Feature" data-provider="features" finished-at="2018-08-26T23:20:57Z">
          <params>
            <param index="0">
              <value>
                <![CDATA[N11-Login,Add and Delete Favorite List,Logout]]>
              </value>
            </param>
          </params>
          <reporter-output>
          </reporter-output>
        </test-method> <!-- feature -->
        <test-method status="PASS" signature="tearDownClass()[pri:0, instance:TestRunner@69b0fd6f]" name="tearDownClass" is-config="true" duration-ms="4" started-at="2018-08-26T23:20:57Z" finished-at="2018-08-26T23:20:57Z">
          <reporter-output>
          </reporter-output>
        </test-method> <!-- tearDownClass -->
      </class> <!-- TestRunner -->
    </test> <!-- Login and Update Profile Test -->
  </suite> <!-- BDD Test Suite -->
</testng-results>
